{"layer":"INNER","encrypt":true,"key":"edb38bfd6ed2bc852d0918768cae93a21663e0ec92bc3fe2","iv":"f4e74ac690ea9a754048110d","metadata":"aec8b1eed1fa9780f3b3dc30a272f36e4c2a75161fcb99884a9b2bee7dea55f9","tail":"f4e74ac690ea9a754048110d","tag":"4b7679111765aae145eae24f51331852"}
{"layer":"INNER","encrypt":true,"key":"d4a0694a3ac08ab2317062d43dce9f72bdec05b3e7100032","iv":"ad13189d3d960699924b7b22","metadata":"aec8b1eed1fa9780f3b3dc30a272f36e4c2a75161fcb99884a9b2bee7dea55f9","tail":"ad13189d3d960699924b7b22","tag":"7a0c4e0827f70ce7bd7b88d3b9fcd882"}
{"layer":"INNER","encrypt":true,"key":"e042f2d14eadda719c28d01340c9155d7c603fe21f34fe26","iv":"17bd1750b6dfe633405d91d5","metadata":"b43e292b6cd1d6a05b28a10e552b23fe24fa8811f5d8751b397b1a166b6bddc5","tail":"17bd1750b6dfe633405d91d5","tag":"0ab9c554f66d68d93f428b148b1f268b"}
{"layer":"OUTER","encrypt":false,"nonce":"d5d1b2e41ffb525452f213ff","key":"3209e7f69259aca2159fe630f793a60b","metadata":"000000000000000116f104005e","tail":"f40aa1b750122d77"}
{"layer":"OUTER","encrypt":false,"nonce":"d5d1b2e41ffb525452f213fc","key":"3209e7f69259aca2159fe630f793a60b","metadata":"000000000000000216f1040125","tail":"e4f8bcc0f572a6be"}
{"layer":"OUTER","encrypt":false,"nonce":"d5d1b2e41ffb525452f213fd","key":"3209e7f69259aca2159fe630f793a60b","metadata":"000000000000000316f1040037","tail":"4a69effc32ea7d0c"}
{"layer":"OUTER","encrypt":true,"nonce":"623864376537343535643438","key":"62386437653734353564343832363364","metadata":"","tail":"a1d87956ffd3ece3"}
{"layer":"OUTER","encrypt":true,"nonce":"5d2e42ce74879aa2ead88b5e","key":"ac55f79caedffa47749e63f369d4dda6","metadata":"000000000000000116f1040037","tail":"51b752200d79645d"}
{"layer":"OUTER","encrypt":true,"nonce":"104fd3c6fa2d43465caa12d3","key":"c1651ba9cc6f3d03096e4d580b273ace","metadata":"000000000000000119f1040024","tail":"153a4d2a5c21496c"}
{"layer":"OUTER","encrypt":true,"nonce":"104fd3c6fa2d43465caa12d0","key":"c1651ba9cc6f3d03096e4d580b273ace","metadata":"000000000000000217f1041558","tail":"0db6b7f4c0db34a4"}
{"layer":"OUTER","encrypt":true,"nonce":"104fd3c6fa2d43465caa12d1","key":"c1651ba9cc6f3d03096e4d580b273ace","metadata":"000000000000000315f1040017","tail":"5b7a15cdcc7b04a8"}
{"layer":"OUTER","encrypt":false,"nonce":"72d7b98feaf8427bbff96119","key":"d2eb40cb4e05d7a653664b3eea6e6bb0","metadata":"000000000000000116f1040037","tail":"5c1c96073608fa04"}
{"layer":"OUTER","encrypt":false,"nonce":"72d7b98feaf8427bbff9611a","key":"d2eb40cb4e05d7a653664b3eea6e6bb0","metadata":"000000000000000217f104105a","tail":"3ffc226cd2d753f4"}
{"layer":"OUTER","encrypt":false,"nonce":"72d7b98feaf8427bbff9611b","key":"d2eb40cb4e05d7a653664b3eea6e6bb0","metadata":"000000000000000315f1040017","tail":"6e34a47053c5699a"}
{"layer":"INNER","encrypt":false,"key":"e36c67e8313290bcf72ec6c39a1438bb12d0f5fe3023f45c","iv":"9977ac15889d21bb0893dd99","metadata":"b8f173607e77387ec324a4e1a1d3b03857a203f18255b3488688d95d30582944","tail":"55731e54e47be398","tag":"d20128c7bacedefe11269876c0884bc7"}
{"layer":"INNER","encrypt":false,"key":"6034fb69405b883d2e88a70594f01964","nonce":"6034fb69405b883d2e88a70594f01964","tail":"7d8f5c27d14b3e52"}
{"layer":"INNER","encrypt":true,"key":"772a5c27535048614365427b545e7a5b","nonce":"772a5c27535048614365427b545e7a5b","tail":"266b84ab8ca20e08"}
{"layer":"INNER","encrypt":true,"key":"772a5c27535048614365427b545e7a5b","nonce":"772a5c27535048614365427b545e7a5b","tail":"db76cd8c2ab9d372"}
{"layer":"OUTER","encrypt":true,"nonce":"54ee3228e6b39d2fdbcee046","key":"1b90998e8b43e598f7a0e390700a768a","metadata":"000000000000000119f1040024","tail":"f73568d0943c8632"}
{"layer":"OUTER","encrypt":true,"nonce":"54ee3228e6b39d2fdbcee045","key":"1b90998e8b43e598f7a0e390700a768a","metadata":"000000000000000217f10400ba","tail":"fb31da97e693f86e"}
{"layer":"OUTER","encrypt":true,"nonce":"54ee3228e6b39d2fdbcee044","key":"1b90998e8b43e598f7a0e390700a768a","metadata":"000000000000000315f1040017","tail":"2a9397483ebe1c7b"}
{"layer":"INNER","encrypt":true,"key":"772a5c27535048614365427b545e7a5b","nonce":"772a5c27535048614365427b545e7a5b","tail":"1da3d6e629ab8d16"}
{"layer":"OUTER","encrypt":true,"nonce":"9aec54f44effdc436147a4ae","key":"1a9fe1c1cae0b00d90a8ecc5c413a20c","metadata":"000000000000000119f1040024","tail":"54a960b5cda5fdac"}
{"layer":"OUTER","encrypt":true,"nonce":"9aec54f44effdc436147a4ad","key":"1a9fe1c1cae0b00d90a8ecc5c413a20c","metadata":"000000000000000217f1040150","tail":"a8618d6757d11ef1"}
{"layer":"OUTER","encrypt":true,"nonce":"9aec54f44effdc436147a4ac","key":"1a9fe1c1cae0b00d90a8ecc5c413a20c","metadata":"000000000000000315f1040017","tail":"59612602fcc4ff53"}
{"layer":"INNER","encrypt":true,"key":"772a5c27535048614365427b545e7a5b","nonce":"772a5c27535048614365427b545e7a5b","tail":"2fa3e42ce4e30668"}
{"layer":"OUTER","encrypt":true,"nonce":"e6bf3e096367e33f1869761d","key":"7c35b394068188392928d5366c041ee3","metadata":"000000000000000119f1040024","tail":"c327cdaf3bdde99c"}
{"layer":"OUTER","encrypt":true,"nonce":"e6bf3e096367e33f1869761e","key":"7c35b394068188392928d5366c041ee3","metadata":"000000000000000217f104008f","tail":"90dcb0adb37118f3"}
{"layer":"OUTER","encrypt":true,"nonce":"e6bf3e096367e33f1869761f","key":"7c35b394068188392928d5366c041ee3","metadata":"000000000000000315f1040017","tail":"4e03454d1a9d429e"}
{"layer":"INNER","encrypt":true,"key":"772a5c27535048614365427b545e7a5b","nonce":"772a5c27535048614365427b545e7a5b","tail":"1002c8b1aa896ebc"}
{"layer":"OUTER","encrypt":true,"nonce":"0139f82822de63cc474b4897","key":"319270de7f78040649530969500473c1","metadata":"000000000000000119f1040024","tail":"55e6f5b8427ad13a"}
{"layer":"OUTER","encrypt":true,"nonce":"0139f82822de63cc474b4894","key":"319270de7f78040649530969500473c1","metadata":"000000000000000217f104008f","tail":"e9792b85a9d348c4"}
{"layer":"OUTER","encrypt":true,"nonce":"0139f82822de63cc474b4895","key":"319270de7f78040649530969500473c1","metadata":"000000000000000315f1040017","tail":"af3792e07f5732b0"}
{"layer":"INNER","encrypt":true,"key":"772a5c27535048614365427b545e7a5b","nonce":"772a5c27535048614365427b545e7a5b","tail":"473b4111c6716401"}
{"layer":"OUTER","encrypt":true,"nonce":"42c372e8fffd6e12d4ceece5","key":"300662ad5809e1cf7e1e2f9468c1e8dd","metadata":"000000000000000119f1040024","tail":"362243b42d8bb57f"}
{"layer":"OUTER","encrypt":true,"nonce":"42c372e8fffd6e12d4ceece6","key":"300662ad5809e1cf7e1e2f9468c1e8dd","metadata":"000000000000000217f10400cb","tail":"a5739f77e4f0bf6d"}
{"layer":"OUTER","encrypt":true,"nonce":"42c372e8fffd6e12d4ceece7","key":"300662ad5809e1cf7e1e2f9468c1e8dd","metadata":"000000000000000315f1040017","tail":"89efa390a6ba02ad"}
{"layer":"OUTER","encrypt":true,"nonce":"f421e30e39f8947804001e85","key":"cbd783f6e1774cf1c6de551756ff0b9c","metadata":"000000000000000119f1040024","tail":"8dd9f42c83433f79"}
{"layer":"OUTER","encrypt":true,"nonce":"f421e30e39f8947804001e86","key":"cbd783f6e1774cf1c6de551756ff0b9c","metadata":"000000000000000217f104009f","tail":"7159cedb4e00a583"}
{"layer":"OUTER","encrypt":true,"nonce":"f421e30e39f8947804001e87","key":"cbd783f6e1774cf1c6de551756ff0b9c","metadata":"000000000000000315f1040017","tail":"7fa934a6f3c5eb08"}
{"layer":"INNER","encrypt":true,"key":"772a5c27535048614365427b545e7a5b","nonce":"772a5c27535048614365427b545e7a5b","tail":"91406d09c3fb3129"}
{"layer":"INNER","encrypt":true,"key":"772a5c27535048614365427b545e7a5b","nonce":"772a5c27535048614365427b545e7a5b","tail":"521f2f56b4a74208"}
{"layer":"INNER","encrypt":true,"key":"772a5c27535048614365427b545e7a5b","nonce":"772a5c27535048614365427b545e7a5b","tail":"44996359936484c0"}
{"layer":"INNER","encrypt":true,"key":"772a5c27535048614365427b545e7a5b","nonce":"772a5c27535048614365427b545e7a5b","tail":"87dfc23c670ea1d4"}
{"layer":"INNER","encrypt":true,"key":"b859999791745bb5da7069da4469d83295685fac44dbd73a","iv":"6da2330d53b38be90d021f87","metadata":"","tail":"6da2330d53b38be90d021f87","tag":"bcc0c7c3792b501e22220545619c1197"}
{"layer":"INNER","encrypt":true,"key":"772a5c27535048614365427b545e7a5b","nonce":"772a5c27535048614365427b545e7a5b","tail":"266b84ab8ca20e08"}
{"layer":"INNER","encrypt":true,"key":"772a5c27535048614365427b545e7a5b","nonce":"772a5c27535048614365427b545e7a5b","tail":"db76cd8c2ab9d372"}
{"layer":"INNER","encrypt":true,"key":"772a5c27535048614365427b545e7a5b","nonce":"772a5c27535048614365427b545e7a5b","tail":"1da3d6e629ab8d16"}
{"layer":"INNER","encrypt":true,"key":"772a5c27535048614365427b545e7a5b","nonce":"772a5c27535048614365427b545e7a5b","tail":"2fa3e42ce4e30668"}
{"layer":"INNER","encrypt":true,"key":"772a5c27535048614365427b545e7a5b","nonce":"772a5c27535048614365427b545e7a5b","tail":"1002c8b1aa896ebc"}
{"layer":"INNER","encrypt":true,"key":"772a5c27535048614365427b545e7a5b","nonce":"772a5c27535048614365427b545e7a5b","tail":"473b4111c6716401"}
{"layer":"INNER","encrypt":true,"key":"772a5c27535048614365427b545e7a5b","nonce":"772a5c27535048614365427b545e7a5b","tail":"91406d09c3fb3129"}
{"layer":"OUTER","encrypt":true,"nonce":"1f4a5cf03b6e128401b18fb1","key":"659dd24f2f5ed9ab388db37604e6b48d","metadata":"000000000000000119f1040024","tail":"5ada65ab6f2c9500"}
{"layer":"OUTER","encrypt":true,"nonce":"1f4a5cf03b6e128401b18fb2","key":"659dd24f2f5ed9ab388db37604e6b48d","metadata":"000000000000000217f10400e8","tail":"1b5594a05ce58f45"}
{"layer":"OUTER","encrypt":true,"nonce":"1f4a5cf03b6e128401b18fb3","key":"659dd24f2f5ed9ab388db37604e6b48d","metadata":"000000000000000315f1040017","tail":"fda69b2c536d72b4"}
{"layer":"OUTER","encrypt":true,"nonce":"df93219228e7b874c64030fe","key":"38bf224d85e963e5a2d2e876e9741b04","metadata":"000000000000000119f1040024","tail":"b5cf7755d050e7a9"}
{"layer":"OUTER","encrypt":true,"nonce":"df93219228e7b874c64030fd","key":"38bf224d85e963e5a2d2e876e9741b04","metadata":"000000000000000217f104017f","tail":"2f55eec8fe22ca6a"}
{"layer":"OUTER","encrypt":true,"nonce":"df93219228e7b874c64030fc","key":"38bf224d85e963e5a2d2e876e9741b04","metadata":"000000000000000315f1040017","tail":"5e91df1f3fb19e22"}
{"layer":"OUTER","encrypt":true,"nonce":"df91fbbf996e454b21acf2a1","key":"1a2e9b53e80c726107920dc610c09eba","metadata":"000000000000000119f1040024","tail":"73e97806a7b19e76"}
{"layer":"OUTER","encrypt":true,"nonce":"df91fbbf996e454b21acf2a2","key":"1a2e9b53e80c726107920dc610c09eba","metadata":"000000000000000217f1040131","tail":"2e1ade3270a15c9e"}
{"layer":"OUTER","encrypt":true,"nonce":"df91fbbf996e454b21acf2a3","key":"1a2e9b53e80c726107920dc610c09eba","metadata":"000000000000000315f1040017","tail":"0b5354165199a216"}
{"layer":"OUTER","encrypt":false,"nonce":"3b2150ffcf6c81a82ddd4835","key":"5c9a5c561dc176418dcdabb2a22b311b","metadata":"000000000000000116f1040037","tail":"1781e141ff259ed9"}
{"layer":"OUTER","encrypt":false,"nonce":"3b2150ffcf6c81a82ddd4836","key":"5c9a5c561dc176418dcdabb2a22b311b","metadata":"000000000000000217f1040076","tail":"c7d0036bf4f054d2"}
{"layer":"OUTER","encrypt":false,"nonce":"3b2150ffcf6c81a82ddd4837","key":"5c9a5c561dc176418dcdabb2a22b311b","metadata":"000000000000000315f1040017","tail":"6ea207d3e3003964"}
{"layer":"INNER","encrypt":false,"key":"772a5c27535048614365427b545e7a5b","nonce":"772a5c27535048614365427b545e7a5b","tail":"bcbf95e37383e8fc"}
{"layer":"OUTER","encrypt":false,"nonce":"827fcea9a703fb06dba9edc7","key":"7ebdd3b16472cb3d5c74738632ab5672","metadata":"000000000000000116f1040037","tail":"57aee9d90f7796f4"}
{"layer":"OUTER","encrypt":false,"nonce":"827fcea9a703fb06dba9edc4","key":"7ebdd3b16472cb3d5c74738632ab5672","metadata":"000000000000000217f10400c8","tail":"924a515563f1b8f5"}
{"layer":"OUTER","encrypt":false,"nonce":"827fcea9a703fb06dba9edc5","key":"7ebdd3b16472cb3d5c74738632ab5672","metadata":"000000000000000315f1040017","tail":"38f8b22cd1b3338f"}
{"layer":"INNER","encrypt":true,"key":"772a5c27535048614365427b545e7a5b","nonce":"772a5c27535048614365427b545e7a5b","tail":"096d8c747172799c"}
{"layer":"OUTER","encrypt":false,"nonce":"187fd7371f138c706e6b2f94","key":"3a3b3e30be6b479af8b499acb03b1050","metadata":"000000000000000116f1040037","tail":"c8e557538197f9f0"}
{"layer":"OUTER","encrypt":false,"nonce":"187fd7371f138c706e6b2f97","key":"3a3b3e30be6b479af8b499acb03b1050","metadata":"000000000000000217f1040058","tail":"1e236e44cda8621e"}
{"layer":"OUTER","encrypt":false,"nonce":"187fd7371f138c706e6b2f96","key":"3a3b3e30be6b479af8b499acb03b1050","metadata":"000000000000000315f1040017","tail":"1d968422ef7e9463"}
{"layer":"INNER","encrypt":false,"key":"772a5c27535048614365427b545e7a5b","nonce":"772a5c27535048614365427b545e7a5b","tail":"48dc46214aa3ab85"}
{"layer":"OUTER","encrypt":true,"nonce":"3668131677bc83fd7bbb3b4a","key":"44ad5ab0e7e491268d7784fe785e5858","metadata":"000000000000000119f1040024","tail":"1ff70675cfa90f16"}
{"layer":"OUTER","encrypt":true,"nonce":"3668131677bc83fd7bbb3b49","key":"44ad5ab0e7e491268d7784fe785e5858","metadata":"000000000000000217f104008f","tail":"1c5c70452840a27d"}
{"layer":"OUTER","encrypt":true,"nonce":"3668131677bc83fd7bbb3b48","key":"44ad5ab0e7e491268d7784fe785e5858","metadata":"000000000000000315f1040017","tail":"b7a409c7b89aea88"}
{"layer":"INNER","encrypt":false,"key":"772a5c27535048614365427b545e7a5b","nonce":"772a5c27535048614365427b545e7a5b","tail":"53b087fbace775ab"}
{"layer":"INNER","encrypt":true,"key":"772a5c27535048614365427b545e7a5b","nonce":"772a5c27535048614365427b545e7a5b","tail":"37ab573eca2e14e1"}
{"layer":"OUTER","encrypt":true,"nonce":"a2a4325f5c23900fcc5ca298","key":"c454e8d4a8a6a4d167a4ed59c6c15c74","metadata":"000000000000000119f1040024","tail":"197278e5c263306d"}
{"layer":"OUTER","encrypt":true,"nonce":"a2a4325f5c23900fcc5ca29b","key":"c454e8d4a8a6a4d167a4ed59c6c15c74","metadata":"000000000000000217f104008f","tail":"84301beba4c8a8aa"}
{"layer":"OUTER","encrypt":true,"nonce":"a2a4325f5c23900fcc5ca29a","key":"c454e8d4a8a6a4d167a4ed59c6c15c74","metadata":"000000000000000315f1040017","tail":"744c91f88db0f096"}
{"layer":"OUTER","encrypt":false,"nonce":"aaec34c860412a99a33a8977","key":"eb7fdefb5d468c336661653ad7fe05a2","metadata":"000000000000000116f1040037","tail":"970597577d084020"}
{"layer":"OUTER","encrypt":false,"nonce":"aaec34c860412a99a33a8974","key":"eb7fdefb5d468c336661653ad7fe05a2","metadata":"000000000000000217f1040048","tail":"5062ba4701f56d9c"}
{"layer":"OUTER","encrypt":false,"nonce":"aaec34c860412a99a33a8975","key":"eb7fdefb5d468c336661653ad7fe05a2","metadata":"000000000000000315f1040017","tail":"f0a3eeb90c5d9984"}
{"layer":"INNER","encrypt":false,"key":"772a5c27535048614365427b545e7a5b","nonce":"772a5c27535048614365427b545e7a5b","tail":"b292226fa9c9ad8e"}
{"layer":"OUTER","encrypt":true,"nonce":"dcf49c84dfb09590cc715545","key":"adf22b961c58b235f6405d21d582d287","metadata":"000000000000000119f1040024","tail":"65f096e885212cde"}
{"layer":"OUTER","encrypt":true,"nonce":"dcf49c84dfb09590cc715546","key":"adf22b961c58b235f6405d21d582d287","metadata":"000000000000000217f1040190","tail":"850e9112c6bc562b"}
{"layer":"OUTER","encrypt":true,"nonce":"dcf49c84dfb09590cc715547","key":"adf22b961c58b235f6405d21d582d287","metadata":"000000000000000315f1040017","tail":"d4b1f3fb101c6cb4"}
{"layer":"OUTER","encrypt":false,"nonce":"c717d22b524d32b72e453fe5","key":"ff319b598ccd455ce90bcec4d3b2ad2c","metadata":"000000000000000116f1040037","tail":"13f62f02a1abac91"}
{"layer":"OUTER","encrypt":false,"nonce":"c717d22b524d32b72e453fe6","key":"ff319b598ccd455ce90bcec4d3b2ad2c","metadata":"000000000000000217f1040048","tail":"f252d55f1182049b"}
{"layer":"OUTER","encrypt":false,"nonce":"c717d22b524d32b72e453fe7","key":"ff319b598ccd455ce90bcec4d3b2ad2c","metadata":"000000000000000315f1040017","tail":"44a49948e89ab61c"}
{"layer":"INNER","encrypt":false,"key":"772a5c27535048614365427b545e7a5b","nonce":"772a5c27535048614365427b545e7a5b","tail":"3cd8f6234bfcd76c"}
{"layer":"OUTER","encrypt":false,"nonce":"f33caf5dd7124342d163abad","key":"bddbe2a226c6ea5de8dacf8249b03622","metadata":"000000000000000116f1040037","tail":"c384bddc278b7fb7"}
{"layer":"OUTER","encrypt":false,"nonce":"f33caf5dd7124342d163abae","key":"bddbe2a226c6ea5de8dacf8249b03622","metadata":"000000000000000217f1040274","tail":"a4cbffbebab52e00"}
{"layer":"OUTER","encrypt":false,"nonce":"f33caf5dd7124342d163abaf","key":"bddbe2a226c6ea5de8dacf8249b03622","metadata":"000000000000000315f1040017","tail":"aad38bbcb3aaceb6"}
{"layer":"INNER","encrypt":false,"key":"5c134cab1e808531e697ecd487e54f518f46817aed0a3988","iv":"fedb00b5afd7c1f5b306563e","metadata":"","tail":"69bb35b006f1f387","tag":"456feeea37c11f0a69beb2251144c9f0"}
{"layer":"OUTER","encrypt":true,"nonce":"a8bc37aeaa97031de6083208","key":"53273e99e6dddda7cba1a55a37778238","metadata":"000000000000000119f1040024","tail":"613a4fc6fe20e5cc"}
{"layer":"OUTER","encrypt":true,"nonce":"a8bc37aeaa97031de608320b","key":"53273e99e6dddda7cba1a55a37778238","metadata":"000000000000000217f10400ba","tail":"62420450de2b30a0"}
{"layer":"OUTER","encrypt":true,"nonce":"a8bc37aeaa97031de608320a","key":"53273e99e6dddda7cba1a55a37778238","metadata":"000000000000000315f1040017","tail":"263971296076288a"}
{"layer":"OUTER","encrypt":true,"nonce":"b0c74be8b51b5bdefabce5db","key":"93fee84589559b34e5d92a9e424df079","metadata":"000000000000000119f1040024","tail":"0caf7bf55d7f28a0"}
{"layer":"OUTER","encrypt":true,"nonce":"b0c74be8b51b5bdefabce5d8","key":"93fee84589559b34e5d92a9e424df079","metadata":"000000000000000217f1040150","tail":"893c629ea28d11c9"}
{"layer":"OUTER","encrypt":true,"nonce":"b0c74be8b51b5bdefabce5d9","key":"93fee84589559b34e5d92a9e424df079","metadata":"000000000000000315f1040017","tail":"e098127e5cd00dfc"}
{"layer":"OUTER","encrypt":true,"nonce":"0009dad36f95a063a26ac54b","key":"af816abe74581f0157a1d01246616b81","metadata":"000000000000000119f1040024","tail":"230ab2479127555b"}
{"layer":"OUTER","encrypt":true,"nonce":"0009dad36f95a063a26ac548","key":"af816abe74581f0157a1d01246616b81","metadata":"000000000000000217f104008f","tail":"bda3ad1858a4e96c"}
{"layer":"OUTER","encrypt":true,"nonce":"0009dad36f95a063a26ac549","key":"af816abe74581f0157a1d01246616b81","metadata":"000000000000000315f1040017","tail":"f6c15fdfdc88b350"}
{"layer":"OUTER","encrypt":true,"nonce":"fe56423cc27f144e280436de","key":"405247fa6fdbf114931ad64726053630","metadata":"000000000000000119f1040024","tail":"d8d7f614fe0e20ee"}
{"layer":"OUTER","encrypt":true,"nonce":"fe56423cc27f144e280436dd","key":"405247fa6fdbf114931ad64726053630","metadata":"000000000000000217f104008f","tail":"49d4e7c842f5c9e3"}
{"layer":"OUTER","encrypt":true,"nonce":"fe56423cc27f144e280436dc","key":"405247fa6fdbf114931ad64726053630","metadata":"000000000000000315f1040017","tail":"2b2d8362fd5bbf5b"}
{"layer":"OUTER","encrypt":true,"nonce":"43883cc55a8d4fe804d0e204","key":"76bf3545dd083f5ffbaf86ba69980497","metadata":"000000000000000119f1040024","tail":"b1cac3b6f6f20913"}
{"layer":"OUTER","encrypt":true,"nonce":"43883cc55a8d4fe804d0e207","key":"76bf3545dd083f5ffbaf86ba69980497","metadata":"000000000000000217f104009f","tail":"03619152a6582af2"}
{"layer":"OUTER","encrypt":true,"nonce":"43883cc55a8d4fe804d0e206","key":"76bf3545dd083f5ffbaf86ba69980497","metadata":"000000000000000315f1040017","tail":"b8aa7a11d88dea5d"}
{"layer":"OUTER","encrypt":true,"nonce":"ceb3a23f3b188fdb05014cbe","key":"ad8cdc39bfb851eb5bdc89a3013be731","metadata":"000000000000000119f1040024","tail":"a3dd78cc72f25f3b"}
{"layer":"OUTER","encrypt":true,"nonce":"ceb3a23f3b188fdb05014cbd","key":"ad8cdc39bfb851eb5bdc89a3013be731","metadata":"000000000000000217f10400cb","tail":"df7f8d4701e6be7f"}
{"layer":"OUTER","encrypt":true,"nonce":"ceb3a23f3b188fdb05014cbc","key":"ad8cdc39bfb851eb5bdc89a3013be731","metadata":"000000000000000315f1040017","tail":"af1986034190ad85"}
{"layer":"OUTER","encrypt":true,"nonce":"5890ddb78885bc9da646c84e","key":"160ff67f481a7029ba050fde47ca1736","metadata":"000000000000000119f1040024","tail":"96f690516500d897"}
{"layer":"OUTER","encrypt":true,"nonce":"5890ddb78885bc9da646c84d","key":"160ff67f481a7029ba050fde47ca1736","metadata":"000000000000000217f104024d","tail":"9e939a6ad68af02c"}
{"layer":"OUTER","encrypt":true,"nonce":"5890ddb78885bc9da646c84c","key":"160ff67f481a7029ba050fde47ca1736","metadata":"000000000000000315f1040017","tail":"3f120c89f16e1366"}
{"layer":"OUTER","encrypt":false,"nonce":"771bb7d9ba7fbcc57e2bc8e5","key":"1262e98f6098f12024be41eb36e72ae5","metadata":"000000000000000116f1040037","tail":"0e1db62ef8c74d37"}
{"layer":"OUTER","encrypt":false,"nonce":"771bb7d9ba7fbcc57e2bc8e6","key":"1262e98f6098f12024be41eb36e72ae5","metadata":"000000000000000217f1040048","tail":"a8ec1bb91f8c68fe"}
{"layer":"OUTER","encrypt":false,"nonce":"771bb7d9ba7fbcc57e2bc8e7","key":"1262e98f6098f12024be41eb36e72ae5","metadata":"000000000000000315f1040017","tail":"c9c4549c0bda5b16"}
{"layer":"INNER","encrypt":false,"key":"772a5c27535048614365427b545e7a5b","nonce":"772a5c27535048614365427b545e7a5b","tail":"a8ad0ddda3e84fc6"}
{"layer":"OUTER","encrypt":false,"nonce":"a73c531bafa853b27d61fa2d","key":"140a9ea596d2337e530ffb975cbb53d4","metadata":"000000000000000116f1040037","tail":"09afeadc43a47812"}
{"layer":"OUTER","encrypt":false,"nonce":"a73c531bafa853b27d61fa2e","key":"140a9ea596d2337e530ffb975cbb53d4","metadata":"000000000000000217f1040048","tail":"4dc90b190e6b1ea7"}
{"layer":"OUTER","encrypt":false,"nonce":"a73c531bafa853b27d61fa2f","key":"140a9ea596d2337e530ffb975cbb53d4","metadata":"000000000000000315f1040017","tail":"3a9bb1b327b9a5e3"}
{"layer":"OUTER","encrypt":false,"nonce":"6c6fbfe3bad32b6a83490efc","key":"23b09ddaf7a84384c402984f96c0f229","metadata":"000000000000000116f1040037","tail":"99dc1cf3263c6a86"}
{"layer":"OUTER","encrypt":false,"nonce":"6c6fbfe3bad32b6a83490eff","key":"23b09ddaf7a84384c402984f96c0f229","metadata":"000000000000000217f1040048","tail":"4920cba787fdd8d4"}
{"layer":"OUTER","encrypt":false,"nonce":"6c6fbfe3bad32b6a83490efe","key":"23b09ddaf7a84384c402984f96c0f229","metadata":"000000000000000315f1040017","tail":"a0e6a33274a43608"}
{"layer":"INNER","encrypt":false,"key":"772a5c27535048614365427b545e7a5b","nonce":"772a5c27535048614365427b545e7a5b","tail":"3735dd1962e75c42"}
{"layer":"OUTER","encrypt":false,"nonce":"284575cc2c15326510d65fcb","key":"a31aaed031507915d586c68cee89f678","metadata":"000000000000000116f1040037","tail":"bd4890b8647e64e4"}
{"layer":"OUTER","encrypt":false,"nonce":"284575cc2c15326510d65fc8","key":"a31aaed031507915d586c68cee89f678","metadata":"000000000000000217f1040048","tail":"ac45c1b32fc5de34"}
{"layer":"OUTER","encrypt":false,"nonce":"284575cc2c15326510d65fc9","key":"a31aaed031507915d586c68cee89f678","metadata":"000000000000000315f1040017","tail":"417c479313a40c0d"}
{"layer":"INNER","encrypt":false,"key":"772a5c27535048614365427b545e7a5b","nonce":"772a5c27535048614365427b545e7a5b","tail":"c1ba8816b4c89731"}
{"layer":"INNER","encrypt":false,"key":"772a5c27535048614365427b545e7a5b","nonce":"772a5c27535048614365427b545e7a5b","tail":"4d0c9effec9cea08"}
{"layer":"OUTER","encrypt":false,"nonce":"720aee615dea914207d6ae68","key":"74554fa66de87ac53eef224fa887b241","metadata":"000000000000000116f1040037","tail":"c613e889e1e31811"}
{"layer":"OUTER","encrypt":false,"nonce":"720aee615dea914207d6ae6b","key":"74554fa66de87ac53eef224fa887b241","metadata":"000000000000000217f1040ac8","tail":"a580595a3a69c1f8"}
{"layer":"OUTER","encrypt":false,"nonce":"720aee615dea914207d6ae6a","key":"74554fa66de87ac53eef224fa887b241","metadata":"000000000000000315f1040017","tail":"66aabf895c8281b8"}
{"layer":"INNER","encrypt":false,"key":"772a5c27535048614365427b545e7a5b","nonce":"772a5c27535048614365427b545e7a5b","tail":"0297b0146262aad1"}
{"layer":"OUTER","encrypt":false,"nonce":"bd655ed47cef2192f97655f8","key":"5bc696595a0c8147caa3c744bf844f64","metadata":"000000000000000116f1040037","tail":"8eedc2a725046233"}
{"layer":"OUTER","encrypt":false,"nonce":"bd655ed47cef2192f97655fb","key":"5bc696595a0c8147caa3c744bf844f64","metadata":"000000000000000217f1040658","tail":"68fc5cf37bc8aa4e"}
{"layer":"OUTER","encrypt":false,"nonce":"bd655ed47cef2192f97655fa","key":"5bc696595a0c8147caa3c744bf844f64","metadata":"000000000000000315f1040017","tail":"262602b3e8153a40"}
{"layer":"INNER","encrypt":false,"key":"772a5c27535048614365427b545e7a5b","nonce":"772a5c27535048614365427b545e7a5b","tail":"6dbd04e928969d81"}
{"layer":"OUTER","encrypt":false,"nonce":"3a127a9075cc3bf806088830","key":"82878be3fe8fa8d7dcdc0c4caa20fdc8","metadata":"000000000000000116f1040037","tail":"f0d3b204573db3b6"}
{"layer":"OUTER","encrypt":false,"nonce":"3a127a9075cc3bf806088833","key":"82878be3fe8fa8d7dcdc0c4caa20fdc8","metadata":"000000000000000217f1040968","tail":"5950a56bf435a157"}
{"layer":"OUTER","encrypt":false,"nonce":"3a127a9075cc3bf806088832","key":"82878be3fe8fa8d7dcdc0c4caa20fdc8","metadata":"000000000000000315f1040017","tail":"963b241412e050ff"}
{"layer":"INNER","encrypt":false,"key":"772a5c27535048614365427b545e7a5b","nonce":"772a5c27535048614365427b545e7a5b","tail":"d7c06ab95ab712b5"}
{"layer":"INNER","encrypt":true,"key":"772a5c27535048614365427b545e7a5b","nonce":"772a5c27535048614365427b545e7a5b","tail":"35fbb4379cfa724c"}
{"layer":"OUTER","encrypt":true,"nonce":"a65d8eea5d6e20c9c8100c5d","key":"3c3773aa291e1a327b9bc71c01c5cb0e","metadata":"000000000000000119f1040024","tail":"224e7b96950de2ba"}
{"layer":"OUTER","encrypt":true,"nonce":"a65d8eea5d6e20c9c8100c5e","key":"3c3773aa291e1a327b9bc71c01c5cb0e","metadata":"000000000000000217f10400e8","tail":"6e91f9974d76085f"}
{"layer":"OUTER","encrypt":true,"nonce":"a65d8eea5d6e20c9c8100c5f","key":"3c3773aa291e1a327b9bc71c01c5cb0e","metadata":"000000000000000315f1040017","tail":"0401260abd6c5b4e"}
{"layer":"OUTER","encrypt":false,"nonce":"44ce77527a574b36ff422771","key":"2e66aa4fa31ba5835dbdd8115c705bc1","metadata":"000000000000000116f1040037","tail":"678f86dc7ce29105"}
{"layer":"OUTER","encrypt":false,"nonce":"44ce77527a574b36ff422772","key":"2e66aa4fa31ba5835dbdd8115c705bc1","metadata":"000000000000000217f1040076","tail":"78205b2436e26c10"}
{"layer":"OUTER","encrypt":false,"nonce":"44ce77527a574b36ff422773","key":"2e66aa4fa31ba5835dbdd8115c705bc1","metadata":"000000000000000315f1040017","tail":"7b1065f591f55e0a"}
{"layer":"INNER","encrypt":false,"key":"772a5c27535048614365427b545e7a5b","nonce":"772a5c27535048614365427b545e7a5b","tail":"bcbf95e37383e8fc"}
{"layer":"OUTER","encrypt":false,"nonce":"6917bf3264e07adfdf1085aa","key":"aa5a1456020440082440021a488f67d7","metadata":"000000000000000116f1040037","tail":"786195df43ccb3a2"}
{"layer":"OUTER","encrypt":true,"nonce":"cf2d04752669cb83b55da212","key":"9b5ae35a8c9d8e47148c9bdfb5d65a8f","metadata":"000000000000000116f1040037","tail":"1f49e7c7d5699025"}
{"layer":"OUTER","encrypt":true,"nonce":"370812be30b9741bf8435cce","key":"a017e8f7429b3813813a4c97d9b9d527","metadata":"000000000000000217f1040222","tail":"81335e493e127254"}
{"layer":"OUTER","encrypt":false,"nonce":"edbb83a884ceb7fab7236d15","key":"ed577533d30a9dda16057a4c4911e2af","metadata":"000000000000000217f1040096","tail":"a66426cbb84e26b2"}
{"layer":"INNER","encrypt":true,"key":"b859999791745bb5da7069da4469d83295685fac44dbd73a","iv":"4ea0be9753fc2068266d2e11","metadata":"","tail":"4ea0be9753fc2068266d2e11","tag":"29097abe1b892256f1d93cc445109df6"}
{"layer":"OUTER","encrypt":true,"nonce":"370812be30b9741bf8435ccf","key":"a017e8f7429b3813813a4c97d9b9d527","metadata":"000000000000000317f1040168","tail":"33e3642304c16453"}
{"layer":"OUTER","encrypt":false,"nonce":"edbb83a884ceb7fab7236d14","key":"ed577533d30a9dda16057a4c4911e2af","metadata":"000000000000000317f1040171","tail":"bd047d9ab0ff03a8"}
{"layer":"INNER","encrypt":false,"key":"5c134cab1e808531e697ecd487e54f518f46817aed0a3988","iv":"7ef05841d56832826ebfdc96","metadata":"","tail":"08e15c3e64343093","tag":"ac948975a65dbfda22e7cc43bbb5136f"}
{"layer":"INNER","encrypt":true,"key":"772a5c27535048614365427b545e7a5b","nonce":"772a5c27535048614365427b545e7a5b","tail":"0194fcd2af42ec38"}
